<?xml version="1.0" encoding="UTF-8"?>
<testng-results ignored="3" total="4" passed="1" failed="0" skipped="0">
  <reporter-output>
  </reporter-output>
  <suite started-at="2022-11-03T16:24:16 IST" name="Default suite" finished-at="2022-11-03T16:24:18 IST" duration-ms="2386">
    <groups>
    </groups>
    <test started-at="2022-11-03T16:24:16 IST" name="Default test" finished-at="2022-11-03T16:24:18 IST" duration-ms="2386">
      <class name="stepbystep.dbstep">
        <test-method signature="dbpatch()[pri:0, instance:stepbystep.dbstep@61386958]" started-at="2022-11-03T16:24:16 IST" name="dbpatch" finished-at="2022-11-03T16:24:18 IST" duration-ms="2326" status="PASS">
          <reporter-output>
          </reporter-output>
        </test-method> <!-- dbpatch -->
      </class> <!-- stepbystep.dbstep -->
    </test> <!-- Default test -->
  </suite> <!-- Default suite -->
</testng-results>
