<?xml version="1.0" encoding="UTF-8"?>
<!-- Generated by org.testng.reporters.JUnitXMLReporter -->
<testsuite ignored="3" hostname="IND-CHN-LT12444" failures="0" tests="1" name="Default test" time="2.386" errors="0" timestamp="2022-11-03T16:24:18 IST">
  <testcase classname="stepbystep.dbstep" name="dbpatch" time="2.326"/>
  <testcase classname="stepbystep.dbstep" name="dbget" time="0.0">
    <ignored/>
  </testcase> <!-- dbget -->
  <testcase classname="stepbystep.dbstep" name="dbpost" time="0.0">
    <ignored/>
  </testcase> <!-- dbpost -->
  <testcase classname="stepbystep.dbstep" name="dbput" time="0.0">
    <ignored/>
  </testcase> <!-- dbput -->
</testsuite> <!-- Default test -->
